<testsuites name="results">
  <testsuite name="all" package="all">
    <property name="random_seed" value="1763542935" />
    <testcase name="test_reset_operation" classname="test_lifo_stack_hidden" file="/home/dell/Music/Phinity_Labs/lifo_stack_github/lifo_stack/tests/test_lifo_stack_hidden.py" lineno="9" time="0.0017130374908447266" sim_time_ns="1000000000" ratio_time="583758385525.4001">
      <failure message="Test failed with RANDOM_SEED=1763542935" />
    </testcase>
    <testcase name="test_push_operation" classname="test_lifo_stack_hidden" file="/home/dell/Music/Phinity_Labs/lifo_stack_github/lifo_stack/tests/test_lifo_stack_hidden.py" lineno="48" time="0.00019240379333496094" sim_time_ns="1000000000" ratio_time="5197402726146.221">
      <failure message="Test failed with RANDOM_SEED=1763542935" />
    </testcase>
    <testcase name="test_pop_operation" classname="test_lifo_stack_hidden" file="/home/dell/Music/Phinity_Labs/lifo_stack_github/lifo_stack/tests/test_lifo_stack_hidden.py" lineno="103" time="0.00016927719116210938" sim_time_ns="1000000000" ratio_time="5907470422535.211">
      <failure message="Test failed with RANDOM_SEED=1763542935" />
    </testcase>
    <testcase name="test_full_flag" classname="test_lifo_stack_hidden" file="/home/dell/Music/Phinity_Labs/lifo_stack_github/lifo_stack/tests/test_lifo_stack_hidden.py" lineno="171" time="0.00017213821411132812" sim_time_ns="1000000000" ratio_time="5809285318559.557">
      <failure message="Test failed with RANDOM_SEED=1763542935" />
    </testcase>
    <testcase name="test_empty_flag" classname="test_lifo_stack_hidden" file="/home/dell/Music/Phinity_Labs/lifo_stack_github/lifo_stack/tests/test_lifo_stack_hidden.py" lineno="249" time="0.0001621246337890625" sim_time_ns="1000000000" ratio_time="6168094117647.059">
      <failure message="Test failed with RANDOM_SEED=1763542935" />
    </testcase>
  </testsuite>
</testsuites>
